/*C3*/SET SCHEMA PUBLIC
CONNECT USER SA
DISCONNECT
/*C4*/SET SCHEMA PUBLIC
CONNECT USER SA
/*C5*/SET SCHEMA PUBLIC
CONNECT USER SA
DISCONNECT
/*C6*/SET SCHEMA PUBLIC
CONNECT USER SA
DISCONNECT
/*C7*/SET SCHEMA PUBLIC
CONNECT USER SA
/*C8*/SET SCHEMA PUBLIC
CONNECT USER SA
DISCONNECT
/*C9*/SET SCHEMA PUBLIC
CONNECT USER SA
/*C4*/SET AUTOCOMMIT FALSE
/*C10*/SET SCHEMA PUBLIC
CONNECT USER SA
SET AUTOCOMMIT FALSE
SET AUTOCOMMIT TRUE
/*C4*/SET AUTOCOMMIT TRUE
SET AUTOCOMMIT FALSE
/*C10*/SET AUTOCOMMIT FALSE
SET AUTOCOMMIT TRUE
/*C4*/SET AUTOCOMMIT TRUE
SET AUTOCOMMIT FALSE
SET AUTOCOMMIT TRUE
SET AUTOCOMMIT FALSE
SET AUTOCOMMIT TRUE
/*C11*/SET SCHEMA PUBLIC
CONNECT USER SA
DISCONNECT
/*C12*/SET SCHEMA PUBLIC
CONNECT USER SA
/*C4*/SET AUTOCOMMIT FALSE
SET AUTOCOMMIT TRUE
SET AUTOCOMMIT FALSE
SET AUTOCOMMIT TRUE
SET AUTOCOMMIT FALSE
/*C12*/DISCONNECT
/*C7*/DISCONNECT
/*C9*/DISCONNECT
/*C4*/SET AUTOCOMMIT TRUE
SET AUTOCOMMIT FALSE
SET AUTOCOMMIT TRUE
/*C13*/SET SCHEMA PUBLIC
CONNECT USER SA
DISCONNECT
/*C14*/SET SCHEMA PUBLIC
CONNECT USER SA
/*C4*/SET AUTOCOMMIT FALSE
/*C10*/SET AUTOCOMMIT FALSE
/*C4*/SET AUTOCOMMIT TRUE
/*C10*/SET AUTOCOMMIT TRUE
SET AUTOCOMMIT FALSE
SET AUTOCOMMIT TRUE
SET AUTOCOMMIT FALSE
SET AUTOCOMMIT TRUE
/*C15*/SET SCHEMA PUBLIC
CONNECT USER SA
DISCONNECT
/*C16*/SET SCHEMA PUBLIC
CONNECT USER SA
/*C10*/SET AUTOCOMMIT FALSE
SET AUTOCOMMIT TRUE
/*C4*/SET AUTOCOMMIT FALSE
SET AUTOCOMMIT TRUE
SET AUTOCOMMIT FALSE
SET AUTOCOMMIT TRUE
SET AUTOCOMMIT FALSE
SET AUTOCOMMIT TRUE
SET AUTOCOMMIT FALSE
INSERT INTO TRANSAKTION VALUES(5,0,'2011-01-08',23,0,5,NULL,NULL)
INSERT INTO PLATZ VALUES(15,0,4,1,1,NULL,1,5)
DELETE FROM AUFFUEHRUNG WHERE ID=1
INSERT INTO AUFFUEHRUNG VALUES(1,1,'2011-12-24 20:00:00.000000000','einmaliges Weihnachtskonzert',0,FALSE,1,1)
DELETE FROM REIHE WHERE ID=1
INSERT INTO REIHE VALUES(1,1,7,'Reihe 1',TRUE,1,1,1)
DELETE FROM TRANSAKTION WHERE ID=5
INSERT INTO TRANSAKTION VALUES(5,1,'2011-01-08',5,0,5,NULL,NULL)
COMMIT
SET AUTOCOMMIT TRUE
SET AUTOCOMMIT FALSE
SET AUTOCOMMIT TRUE
SET AUTOCOMMIT FALSE
SET AUTOCOMMIT TRUE
SET AUTOCOMMIT FALSE
SET AUTOCOMMIT TRUE
SET AUTOCOMMIT FALSE
SET AUTOCOMMIT TRUE
SET AUTOCOMMIT FALSE
DELETE FROM PLATZ WHERE ID=15
DELETE FROM TRANSAKTION WHERE ID=5
COMMIT
SET AUTOCOMMIT TRUE
/*C17*/SET SCHEMA PUBLIC
CONNECT USER SA
DISCONNECT
/*C18*/SET SCHEMA PUBLIC
CONNECT USER SA
/*C4*/SET AUTOCOMMIT FALSE
SET AUTOCOMMIT TRUE
/*C10*/SET AUTOCOMMIT FALSE
SET AUTOCOMMIT TRUE
SET AUTOCOMMIT FALSE
SET AUTOCOMMIT TRUE
SET AUTOCOMMIT FALSE
SET AUTOCOMMIT TRUE
SET AUTOCOMMIT FALSE
INSERT INTO TRANSAKTION VALUES(6,0,'2011-01-08',23,0,5,NULL,NULL)
INSERT INTO PLATZ VALUES(16,0,5,1,1,NULL,1,6)
DELETE FROM AUFFUEHRUNG WHERE ID=1
INSERT INTO AUFFUEHRUNG VALUES(1,2,'2011-12-24 20:00:00.000000000','einmaliges Weihnachtskonzert',0,FALSE,1,1)
DELETE FROM REIHE WHERE ID=1
INSERT INTO REIHE VALUES(1,2,7,'Reihe 1',TRUE,1,1,1)
DELETE FROM TRANSAKTION WHERE ID=6
INSERT INTO TRANSAKTION VALUES(6,1,'2011-01-08',6,0,5,NULL,NULL)
COMMIT
SET AUTOCOMMIT TRUE
SET AUTOCOMMIT FALSE
SET AUTOCOMMIT TRUE
SET AUTOCOMMIT FALSE
SET AUTOCOMMIT TRUE
SET AUTOCOMMIT FALSE
SET AUTOCOMMIT TRUE
SET AUTOCOMMIT FALSE
SET AUTOCOMMIT TRUE
SET AUTOCOMMIT FALSE
/*C19*/SET SCHEMA PUBLIC
CONNECT USER SA
DISCONNECT
/*C10*/DELETE FROM PLATZ WHERE ID=16
DELETE FROM TRANSAKTION WHERE ID=6
COMMIT
SET AUTOCOMMIT TRUE
/*C20*/SET SCHEMA PUBLIC
CONNECT USER SA
/*C10*/SET AUTOCOMMIT FALSE
/*C4*/SET AUTOCOMMIT FALSE
/*C10*/SET AUTOCOMMIT TRUE
/*C4*/SET AUTOCOMMIT TRUE
SET AUTOCOMMIT FALSE
SET AUTOCOMMIT TRUE
SET AUTOCOMMIT FALSE
SET AUTOCOMMIT TRUE
SET AUTOCOMMIT FALSE
INSERT INTO TRANSAKTION VALUES(7,0,'2011-01-08',23,0,5,NULL,NULL)
INSERT INTO PLATZ VALUES(17,0,6,1,1,NULL,1,7)
DELETE FROM AUFFUEHRUNG WHERE ID=1
INSERT INTO AUFFUEHRUNG VALUES(1,3,'2011-12-24 20:00:00.000000000','einmaliges Weihnachtskonzert',0,FALSE,1,1)
DELETE FROM REIHE WHERE ID=1
INSERT INTO REIHE VALUES(1,3,7,'Reihe 1',TRUE,1,1,1)
DELETE FROM TRANSAKTION WHERE ID=7
INSERT INTO TRANSAKTION VALUES(7,1,'2011-01-08',7,0,5,NULL,NULL)
COMMIT
SET AUTOCOMMIT TRUE
SET AUTOCOMMIT FALSE
SET AUTOCOMMIT TRUE
SET AUTOCOMMIT FALSE
SET AUTOCOMMIT TRUE
SET AUTOCOMMIT FALSE
SET AUTOCOMMIT TRUE
SET AUTOCOMMIT FALSE
SET AUTOCOMMIT TRUE
SET AUTOCOMMIT FALSE
DELETE FROM PLATZ WHERE ID=17
DELETE FROM TRANSAKTION WHERE ID=7
COMMIT
SET AUTOCOMMIT TRUE
/*C21*/SET SCHEMA PUBLIC
CONNECT USER SA
DISCONNECT
/*C22*/SET SCHEMA PUBLIC
CONNECT USER SA
/*C4*/SET AUTOCOMMIT FALSE
/*C10*/SET AUTOCOMMIT FALSE
/*C4*/SET AUTOCOMMIT TRUE
/*C10*/SET AUTOCOMMIT TRUE
SET AUTOCOMMIT FALSE
SET AUTOCOMMIT TRUE
SET AUTOCOMMIT FALSE
SET AUTOCOMMIT TRUE
SET AUTOCOMMIT FALSE
INSERT INTO TRANSAKTION VALUES(8,0,'2011-01-08',23,0,5,NULL,NULL)
INSERT INTO PLATZ VALUES(18,0,7,1,1,NULL,1,8)
DELETE FROM AUFFUEHRUNG WHERE ID=1
INSERT INTO AUFFUEHRUNG VALUES(1,4,'2011-12-24 20:00:00.000000000','einmaliges Weihnachtskonzert',0,FALSE,1,1)
DELETE FROM REIHE WHERE ID=1
INSERT INTO REIHE VALUES(1,4,7,'Reihe 1',TRUE,1,1,1)
DELETE FROM TRANSAKTION WHERE ID=8
INSERT INTO TRANSAKTION VALUES(8,1,'2011-01-08',8,0,5,NULL,NULL)
COMMIT
SET AUTOCOMMIT TRUE
SET AUTOCOMMIT FALSE
SET AUTOCOMMIT TRUE
SET AUTOCOMMIT FALSE
SET AUTOCOMMIT TRUE
SET AUTOCOMMIT FALSE
SET AUTOCOMMIT TRUE
SET AUTOCOMMIT FALSE
SET AUTOCOMMIT TRUE
SET AUTOCOMMIT FALSE
DELETE FROM PLATZ WHERE ID=18
DELETE FROM TRANSAKTION WHERE ID=8
COMMIT
SET AUTOCOMMIT TRUE
/*C23*/SET SCHEMA PUBLIC
CONNECT USER SA
DISCONNECT
/*C24*/SET SCHEMA PUBLIC
CONNECT USER SA
/*C10*/SET AUTOCOMMIT FALSE
/*C4*/SET AUTOCOMMIT FALSE
/*C10*/SET AUTOCOMMIT TRUE
/*C4*/SET AUTOCOMMIT TRUE
SET AUTOCOMMIT FALSE
SET AUTOCOMMIT TRUE
SET AUTOCOMMIT FALSE
SET AUTOCOMMIT TRUE
SET AUTOCOMMIT FALSE
INSERT INTO TRANSAKTION VALUES(9,0,'2011-01-08',23,0,5,NULL,NULL)
INSERT INTO PLATZ VALUES(19,0,4,1,1,NULL,2,9)
DELETE FROM AUFFUEHRUNG WHERE ID=1
INSERT INTO AUFFUEHRUNG VALUES(1,5,'2011-12-24 20:00:00.000000000','einmaliges Weihnachtskonzert',0,FALSE,1,1)
DELETE FROM REIHE WHERE ID=2
INSERT INTO REIHE VALUES(2,1,10,'Reihe 2',TRUE,1,1,1)
DELETE FROM TRANSAKTION WHERE ID=9
INSERT INTO TRANSAKTION VALUES(9,1,'2011-01-08',9,0,5,NULL,NULL)
COMMIT
SET AUTOCOMMIT TRUE
SET AUTOCOMMIT FALSE
SET AUTOCOMMIT TRUE
SET AUTOCOMMIT FALSE
SET AUTOCOMMIT TRUE
SET AUTOCOMMIT FALSE
SET AUTOCOMMIT TRUE
SET AUTOCOMMIT FALSE
SET AUTOCOMMIT TRUE
SET AUTOCOMMIT FALSE
DELETE FROM PLATZ WHERE ID=19
DELETE FROM TRANSAKTION WHERE ID=9
COMMIT
SET AUTOCOMMIT TRUE
/*C25*/SET SCHEMA PUBLIC
CONNECT USER SA
DISCONNECT
/*C26*/SET SCHEMA PUBLIC
CONNECT USER SA
/*C4*/SET AUTOCOMMIT FALSE
/*C10*/SET AUTOCOMMIT FALSE
/*C4*/SET AUTOCOMMIT TRUE
/*C10*/SET AUTOCOMMIT TRUE
SET AUTOCOMMIT FALSE
SET AUTOCOMMIT TRUE
SET AUTOCOMMIT FALSE
SET AUTOCOMMIT TRUE
SET AUTOCOMMIT FALSE
INSERT INTO TRANSAKTION VALUES(10,0,'2011-01-08',23,0,5,NULL,NULL)
INSERT INTO PLATZ VALUES(20,0,5,1,1,NULL,2,10)
DELETE FROM AUFFUEHRUNG WHERE ID=1
INSERT INTO AUFFUEHRUNG VALUES(1,6,'2011-12-24 20:00:00.000000000','einmaliges Weihnachtskonzert',0,FALSE,1,1)
DELETE FROM REIHE WHERE ID=2
INSERT INTO REIHE VALUES(2,2,10,'Reihe 2',TRUE,1,1,1)
DELETE FROM TRANSAKTION WHERE ID=10
INSERT INTO TRANSAKTION VALUES(10,1,'2011-01-08',10,0,5,NULL,NULL)
COMMIT
SET AUTOCOMMIT TRUE
SET AUTOCOMMIT FALSE
SET AUTOCOMMIT TRUE
SET AUTOCOMMIT FALSE
SET AUTOCOMMIT TRUE
SET AUTOCOMMIT FALSE
SET AUTOCOMMIT TRUE
SET AUTOCOMMIT FALSE
SET AUTOCOMMIT TRUE
SET AUTOCOMMIT FALSE
DELETE FROM PLATZ WHERE ID=20
DELETE FROM TRANSAKTION WHERE ID=10
COMMIT
SET AUTOCOMMIT TRUE
/*C27*/SET SCHEMA PUBLIC
CONNECT USER SA
DISCONNECT
/*C28*/SET SCHEMA PUBLIC
CONNECT USER SA
/*C10*/SET AUTOCOMMIT FALSE
/*C4*/SET AUTOCOMMIT FALSE
/*C10*/SET AUTOCOMMIT TRUE
/*C4*/SET AUTOCOMMIT TRUE
SET AUTOCOMMIT FALSE
SET AUTOCOMMIT TRUE
SET AUTOCOMMIT FALSE
SET AUTOCOMMIT TRUE
SET AUTOCOMMIT FALSE
INSERT INTO TRANSAKTION VALUES(11,0,'2011-01-08',23,0,5,NULL,NULL)
INSERT INTO PLATZ VALUES(21,0,6,1,1,NULL,2,11)
DELETE FROM AUFFUEHRUNG WHERE ID=1
INSERT INTO AUFFUEHRUNG VALUES(1,7,'2011-12-24 20:00:00.000000000','einmaliges Weihnachtskonzert',0,FALSE,1,1)
DELETE FROM REIHE WHERE ID=2
INSERT INTO REIHE VALUES(2,3,10,'Reihe 2',TRUE,1,1,1)
DELETE FROM TRANSAKTION WHERE ID=11
INSERT INTO TRANSAKTION VALUES(11,1,'2011-01-08',11,0,5,NULL,NULL)
COMMIT
SET AUTOCOMMIT TRUE
SET AUTOCOMMIT FALSE
SET AUTOCOMMIT TRUE
SET AUTOCOMMIT FALSE
SET AUTOCOMMIT TRUE
SET AUTOCOMMIT FALSE
SET AUTOCOMMIT TRUE
SET AUTOCOMMIT FALSE
SET AUTOCOMMIT TRUE
SET AUTOCOMMIT FALSE
DELETE FROM PLATZ WHERE ID=21
DELETE FROM TRANSAKTION WHERE ID=11
COMMIT
SET AUTOCOMMIT TRUE
/*C29*/SET SCHEMA PUBLIC
CONNECT USER SA
DISCONNECT
/*C30*/SET SCHEMA PUBLIC
CONNECT USER SA
/*C4*/SET AUTOCOMMIT FALSE
SET AUTOCOMMIT TRUE
SET AUTOCOMMIT FALSE
SET AUTOCOMMIT TRUE
SET AUTOCOMMIT FALSE
SET AUTOCOMMIT TRUE
SET AUTOCOMMIT FALSE
SET AUTOCOMMIT TRUE
SET AUTOCOMMIT FALSE
INSERT INTO TRANSAKTION VALUES(12,0,'2011-01-08',23,0,5,NULL,NULL)
INSERT INTO PLATZ VALUES(22,0,7,1,1,NULL,2,12)
DELETE FROM AUFFUEHRUNG WHERE ID=1
INSERT INTO AUFFUEHRUNG VALUES(1,8,'2011-12-24 20:00:00.000000000','einmaliges Weihnachtskonzert',0,FALSE,1,1)
DELETE FROM REIHE WHERE ID=2
INSERT INTO REIHE VALUES(2,4,10,'Reihe 2',TRUE,1,1,1)
DELETE FROM TRANSAKTION WHERE ID=12
INSERT INTO TRANSAKTION VALUES(12,1,'2011-01-08',12,0,5,NULL,NULL)
COMMIT
SET AUTOCOMMIT TRUE
SET AUTOCOMMIT FALSE
SET AUTOCOMMIT TRUE
SET AUTOCOMMIT FALSE
SET AUTOCOMMIT TRUE
SET AUTOCOMMIT FALSE
SET AUTOCOMMIT TRUE
SET AUTOCOMMIT FALSE
SET AUTOCOMMIT TRUE
SET AUTOCOMMIT FALSE
DELETE FROM PLATZ WHERE ID=22
DELETE FROM TRANSAKTION WHERE ID=12
COMMIT
SET AUTOCOMMIT TRUE
/*C31*/SET SCHEMA PUBLIC
CONNECT USER SA
DISCONNECT
/*C32*/SET SCHEMA PUBLIC
CONNECT USER SA
/*C4*/SET AUTOCOMMIT FALSE
/*C10*/SET AUTOCOMMIT FALSE
/*C4*/SET AUTOCOMMIT TRUE
/*C10*/SET AUTOCOMMIT TRUE
SET AUTOCOMMIT FALSE
SET AUTOCOMMIT TRUE
SET AUTOCOMMIT FALSE
SET AUTOCOMMIT TRUE
SET AUTOCOMMIT FALSE
INSERT INTO TRANSAKTION VALUES(13,0,'2011-01-08',23,0,5,NULL,NULL)
INSERT INTO PLATZ VALUES(23,0,1,1,1,NULL,3,13)
DELETE FROM AUFFUEHRUNG WHERE ID=1
INSERT INTO AUFFUEHRUNG VALUES(1,9,'2011-12-24 20:00:00.000000000','einmaliges Weihnachtskonzert',0,FALSE,1,1)
DELETE FROM REIHE WHERE ID=3
INSERT INTO REIHE VALUES(3,1,12,'Reihe 3',TRUE,1,2,1)
DELETE FROM TRANSAKTION WHERE ID=13
INSERT INTO TRANSAKTION VALUES(13,1,'2011-01-08',13,0,5,NULL,NULL)
COMMIT
SET AUTOCOMMIT TRUE
SET AUTOCOMMIT FALSE
SET AUTOCOMMIT TRUE
SET AUTOCOMMIT FALSE
SET AUTOCOMMIT TRUE
SET AUTOCOMMIT FALSE
SET AUTOCOMMIT TRUE
SET AUTOCOMMIT FALSE
SET AUTOCOMMIT TRUE
SET AUTOCOMMIT FALSE
DELETE FROM PLATZ WHERE ID=23
DELETE FROM TRANSAKTION WHERE ID=13
COMMIT
SET AUTOCOMMIT TRUE
/*C33*/SET SCHEMA PUBLIC
CONNECT USER SA
DISCONNECT
/*C34*/SET SCHEMA PUBLIC
CONNECT USER SA
/*C10*/SET AUTOCOMMIT FALSE
SET AUTOCOMMIT TRUE
/*C4*/SET AUTOCOMMIT FALSE
SET AUTOCOMMIT TRUE
SET AUTOCOMMIT FALSE
SET AUTOCOMMIT TRUE
SET AUTOCOMMIT FALSE
SET AUTOCOMMIT TRUE
SET AUTOCOMMIT FALSE
INSERT INTO TRANSAKTION VALUES(14,0,'2011-01-08',23,0,5,NULL,NULL)
INSERT INTO PLATZ VALUES(24,0,2,1,1,NULL,3,14)
DELETE FROM AUFFUEHRUNG WHERE ID=1
INSERT INTO AUFFUEHRUNG VALUES(1,10,'2011-12-24 20:00:00.000000000','einmaliges Weihnachtskonzert',0,FALSE,1,1)
DELETE FROM REIHE WHERE ID=3
INSERT INTO REIHE VALUES(3,2,12,'Reihe 3',TRUE,1,2,1)
DELETE FROM TRANSAKTION WHERE ID=14
INSERT INTO TRANSAKTION VALUES(14,1,'2011-01-08',14,0,5,NULL,NULL)
COMMIT
SET AUTOCOMMIT TRUE
SET AUTOCOMMIT FALSE
SET AUTOCOMMIT TRUE
SET AUTOCOMMIT FALSE
SET AUTOCOMMIT TRUE
SET AUTOCOMMIT FALSE
SET AUTOCOMMIT TRUE
SET AUTOCOMMIT FALSE
SET AUTOCOMMIT TRUE
SET AUTOCOMMIT FALSE
DELETE FROM PLATZ WHERE ID=24
DELETE FROM TRANSAKTION WHERE ID=14
COMMIT
/*C35*/SET SCHEMA PUBLIC
CONNECT USER SA
/*C4*/SET AUTOCOMMIT TRUE
/*C35*/DISCONNECT
/*C36*/SET SCHEMA PUBLIC
CONNECT USER SA
/*C4*/SET AUTOCOMMIT FALSE
/*C10*/SET AUTOCOMMIT FALSE
/*C4*/SET AUTOCOMMIT TRUE
/*C10*/SET AUTOCOMMIT TRUE
SET AUTOCOMMIT FALSE
SET AUTOCOMMIT TRUE
SET AUTOCOMMIT FALSE
SET AUTOCOMMIT TRUE
SET AUTOCOMMIT FALSE
INSERT INTO TRANSAKTION VALUES(15,0,'2011-01-08',23,0,5,NULL,NULL)
INSERT INTO PLATZ VALUES(25,0,3,1,1,NULL,3,15)
DELETE FROM AUFFUEHRUNG WHERE ID=1
INSERT INTO AUFFUEHRUNG VALUES(1,11,'2011-12-24 20:00:00.000000000','einmaliges Weihnachtskonzert',0,FALSE,1,1)
DELETE FROM REIHE WHERE ID=3
INSERT INTO REIHE VALUES(3,3,12,'Reihe 3',TRUE,1,2,1)
DELETE FROM TRANSAKTION WHERE ID=15
INSERT INTO TRANSAKTION VALUES(15,1,'2011-01-08',15,0,5,NULL,NULL)
COMMIT
SET AUTOCOMMIT TRUE
SET AUTOCOMMIT FALSE
SET AUTOCOMMIT TRUE
SET AUTOCOMMIT FALSE
SET AUTOCOMMIT TRUE
SET AUTOCOMMIT FALSE
SET AUTOCOMMIT TRUE
SET AUTOCOMMIT FALSE
SET AUTOCOMMIT TRUE
SET AUTOCOMMIT FALSE
DELETE FROM PLATZ WHERE ID=25
DELETE FROM TRANSAKTION WHERE ID=15
COMMIT
SET AUTOCOMMIT TRUE
/*C37*/SET SCHEMA PUBLIC
CONNECT USER SA
DISCONNECT
/*C38*/SET SCHEMA PUBLIC
CONNECT USER SA
/*C10*/SET AUTOCOMMIT FALSE
SET AUTOCOMMIT TRUE
SET AUTOCOMMIT FALSE
SET AUTOCOMMIT TRUE
SET AUTOCOMMIT FALSE
SET AUTOCOMMIT TRUE
SET AUTOCOMMIT FALSE
SET AUTOCOMMIT TRUE
SET AUTOCOMMIT FALSE
INSERT INTO TRANSAKTION VALUES(16,0,'2011-01-08',23,0,5,NULL,NULL)
INSERT INTO PLATZ VALUES(26,0,5,1,1,NULL,3,16)
INSERT INTO PLATZ VALUES(27,0,6,1,1,NULL,3,16)
INSERT INTO PLATZ VALUES(28,0,7,1,1,NULL,3,16)
DELETE FROM AUFFUEHRUNG WHERE ID=1
INSERT INTO AUFFUEHRUNG VALUES(1,12,'2011-12-24 20:00:00.000000000','einmaliges Weihnachtskonzert',0,FALSE,1,1)
DELETE FROM REIHE WHERE ID=3
INSERT INTO REIHE VALUES(3,4,12,'Reihe 3',TRUE,1,2,1)
DELETE FROM TRANSAKTION WHERE ID=16
INSERT INTO TRANSAKTION VALUES(16,1,'2011-01-08',16,0,5,NULL,NULL)
COMMIT
SET AUTOCOMMIT TRUE
SET AUTOCOMMIT FALSE
SET AUTOCOMMIT TRUE
SET AUTOCOMMIT FALSE
SET AUTOCOMMIT TRUE
/*C38*/DISCONNECT
/*C36*/DISCONNECT
/*C34*/DISCONNECT
/*C32*/DISCONNECT
/*C30*/DISCONNECT
/*C28*/DISCONNECT
/*C26*/DISCONNECT
/*C24*/DISCONNECT
/*C22*/DISCONNECT
/*C20*/DISCONNECT
/*C16*/DISCONNECT
/*C14*/DISCONNECT
/*C18*/DISCONNECT
/*C10*/SET AUTOCOMMIT FALSE
SET AUTOCOMMIT TRUE
SET AUTOCOMMIT FALSE
SET AUTOCOMMIT TRUE
SET AUTOCOMMIT FALSE
DELETE FROM PLATZ WHERE ID=28
DELETE FROM PLATZ WHERE ID=26
DELETE FROM PLATZ WHERE ID=27
DELETE FROM TRANSAKTION WHERE ID=16
COMMIT
SET AUTOCOMMIT TRUE
/*C39*/SET SCHEMA PUBLIC
CONNECT USER SA
DISCONNECT
/*C40*/SET SCHEMA PUBLIC
CONNECT USER SA
/*C10*/SET AUTOCOMMIT FALSE
/*C4*/SET AUTOCOMMIT FALSE
/*C10*/SET AUTOCOMMIT TRUE
/*C4*/SET AUTOCOMMIT TRUE
SET AUTOCOMMIT FALSE
SET AUTOCOMMIT TRUE
SET AUTOCOMMIT FALSE
SET AUTOCOMMIT TRUE
SET AUTOCOMMIT FALSE
INSERT INTO TRANSAKTION VALUES(17,0,'2011-01-08',23,0,5,NULL,NULL)
INSERT INTO PLATZ VALUES(29,0,4,1,1,NULL,1,17)
INSERT INTO PLATZ VALUES(30,0,5,1,1,NULL,1,17)
INSERT INTO PLATZ VALUES(31,0,6,1,1,NULL,1,17)
DELETE FROM AUFFUEHRUNG WHERE ID=1
INSERT INTO AUFFUEHRUNG VALUES(1,13,'2011-12-24 20:00:00.000000000','einmaliges Weihnachtskonzert',0,FALSE,1,1)
DELETE FROM REIHE WHERE ID=1
INSERT INTO REIHE VALUES(1,5,7,'Reihe 1',TRUE,1,1,1)
DELETE FROM TRANSAKTION WHERE ID=17
INSERT INTO TRANSAKTION VALUES(17,1,'2011-01-08',17,0,5,NULL,NULL)
COMMIT
SET AUTOCOMMIT TRUE
SET AUTOCOMMIT FALSE
SET AUTOCOMMIT TRUE
SET AUTOCOMMIT FALSE
SET AUTOCOMMIT TRUE
SET AUTOCOMMIT FALSE
SET AUTOCOMMIT TRUE
SET AUTOCOMMIT FALSE
SET AUTOCOMMIT TRUE
SET AUTOCOMMIT FALSE
DELETE FROM PLATZ WHERE ID=31
DELETE FROM PLATZ WHERE ID=30
DELETE FROM PLATZ WHERE ID=29
DELETE FROM TRANSAKTION WHERE ID=17
COMMIT
SET AUTOCOMMIT TRUE
/*C41*/SET SCHEMA PUBLIC
CONNECT USER SA
DISCONNECT
/*C42*/SET SCHEMA PUBLIC
CONNECT USER SA
/*C4*/SET AUTOCOMMIT FALSE
/*C10*/SET AUTOCOMMIT FALSE
/*C4*/SET AUTOCOMMIT TRUE
/*C10*/SET AUTOCOMMIT TRUE
SET AUTOCOMMIT FALSE
SET AUTOCOMMIT TRUE
SET AUTOCOMMIT FALSE
SET AUTOCOMMIT TRUE
/*C40*/DISCONNECT
/*C42*/DISCONNECT
/*C43*/SET SCHEMA PUBLIC
CONNECT USER SA
DISCONNECT
/*C44*/SET SCHEMA PUBLIC
CONNECT USER SA
/*C10*/SET AUTOCOMMIT FALSE
SET AUTOCOMMIT TRUE
/*C4*/SET AUTOCOMMIT FALSE
SET AUTOCOMMIT TRUE
SET AUTOCOMMIT FALSE
SET AUTOCOMMIT TRUE
SET AUTOCOMMIT FALSE
SET AUTOCOMMIT TRUE
/*C45*/SET SCHEMA PUBLIC
CONNECT USER SA
DISCONNECT
/*C46*/SET SCHEMA PUBLIC
CONNECT USER SA
/*C10*/SET AUTOCOMMIT FALSE
/*C4*/SET AUTOCOMMIT FALSE
SET AUTOCOMMIT TRUE
/*C10*/SET AUTOCOMMIT TRUE
SET AUTOCOMMIT FALSE
SET AUTOCOMMIT TRUE
SET AUTOCOMMIT FALSE
SET AUTOCOMMIT TRUE
/*C47*/SET SCHEMA PUBLIC
CONNECT USER SA
DISCONNECT
/*C48*/SET SCHEMA PUBLIC
CONNECT USER SA
/*C10*/SET AUTOCOMMIT FALSE
SET AUTOCOMMIT TRUE
/*C4*/SET AUTOCOMMIT FALSE
SET AUTOCOMMIT TRUE
SET AUTOCOMMIT FALSE
SET AUTOCOMMIT TRUE
SET AUTOCOMMIT FALSE
SET AUTOCOMMIT TRUE
SET AUTOCOMMIT FALSE
INSERT INTO TRANSAKTION VALUES(18,0,'2011-01-08',23,0,5,NULL,NULL)
INSERT INTO PLATZ VALUES(32,0,4,1,1,NULL,1,18)
DELETE FROM AUFFUEHRUNG WHERE ID=1
INSERT INTO AUFFUEHRUNG VALUES(1,14,'2011-12-24 20:00:00.000000000','einmaliges Weihnachtskonzert',0,FALSE,1,1)
DELETE FROM REIHE WHERE ID=1
INSERT INTO REIHE VALUES(1,6,7,'Reihe 1',TRUE,1,1,1)
DELETE FROM TRANSAKTION WHERE ID=18
INSERT INTO TRANSAKTION VALUES(18,1,'2011-01-08',18,0,5,NULL,NULL)
COMMIT
SET AUTOCOMMIT TRUE
SET AUTOCOMMIT FALSE
SET AUTOCOMMIT TRUE
SET AUTOCOMMIT FALSE
SET AUTOCOMMIT TRUE
SET AUTOCOMMIT FALSE
SET AUTOCOMMIT TRUE
SET AUTOCOMMIT FALSE
SET AUTOCOMMIT TRUE
SET AUTOCOMMIT FALSE
DELETE FROM PLATZ WHERE ID=32
DELETE FROM TRANSAKTION WHERE ID=18
COMMIT
SET AUTOCOMMIT TRUE
/*C49*/SET SCHEMA PUBLIC
CONNECT USER SA
DISCONNECT
/*C50*/SET SCHEMA PUBLIC
CONNECT USER SA
/*C4*/SET AUTOCOMMIT FALSE
SET AUTOCOMMIT TRUE
/*C10*/SET AUTOCOMMIT FALSE
SET AUTOCOMMIT TRUE
SET AUTOCOMMIT FALSE
SET AUTOCOMMIT TRUE
SET AUTOCOMMIT FALSE
SET AUTOCOMMIT TRUE
SET AUTOCOMMIT FALSE
INSERT INTO TRANSAKTION VALUES(19,0,'2011-01-08',23,0,5,NULL,NULL)
INSERT INTO PLATZ VALUES(33,0,5,1,1,NULL,1,19)
DELETE FROM AUFFUEHRUNG WHERE ID=1
INSERT INTO AUFFUEHRUNG VALUES(1,15,'2011-12-24 20:00:00.000000000','einmaliges Weihnachtskonzert',0,FALSE,1,1)
DELETE FROM REIHE WHERE ID=1
INSERT INTO REIHE VALUES(1,7,7,'Reihe 1',TRUE,1,1,1)
DELETE FROM TRANSAKTION WHERE ID=19
INSERT INTO TRANSAKTION VALUES(19,1,'2011-01-08',19,0,5,NULL,NULL)
COMMIT
SET AUTOCOMMIT TRUE
SET AUTOCOMMIT FALSE
SET AUTOCOMMIT TRUE
SET AUTOCOMMIT FALSE
SET AUTOCOMMIT TRUE
SET AUTOCOMMIT FALSE
SET AUTOCOMMIT TRUE
SET AUTOCOMMIT FALSE
SET AUTOCOMMIT TRUE
SET AUTOCOMMIT FALSE
DELETE FROM PLATZ WHERE ID=33
DELETE FROM TRANSAKTION WHERE ID=19
COMMIT
SET AUTOCOMMIT TRUE
/*C51*/SET SCHEMA PUBLIC
CONNECT USER SA
DISCONNECT
/*C52*/SET SCHEMA PUBLIC
CONNECT USER SA
/*C10*/SET AUTOCOMMIT FALSE
/*C4*/SET AUTOCOMMIT FALSE
/*C10*/SET AUTOCOMMIT TRUE
/*C4*/SET AUTOCOMMIT TRUE
SET AUTOCOMMIT FALSE
SET AUTOCOMMIT TRUE
SET AUTOCOMMIT FALSE
SET AUTOCOMMIT TRUE
SET AUTOCOMMIT FALSE
INSERT INTO TRANSAKTION VALUES(20,0,'2011-01-08',23,0,5,NULL,NULL)
INSERT INTO PLATZ VALUES(34,0,6,1,1,NULL,1,20)
DELETE FROM AUFFUEHRUNG WHERE ID=1
INSERT INTO AUFFUEHRUNG VALUES(1,16,'2011-12-24 20:00:00.000000000','einmaliges Weihnachtskonzert',0,FALSE,1,1)
DELETE FROM REIHE WHERE ID=1
INSERT INTO REIHE VALUES(1,8,7,'Reihe 1',TRUE,1,1,1)
DELETE FROM TRANSAKTION WHERE ID=20
INSERT INTO TRANSAKTION VALUES(20,1,'2011-01-08',20,0,5,NULL,NULL)
COMMIT
SET AUTOCOMMIT TRUE
SET AUTOCOMMIT FALSE
SET AUTOCOMMIT TRUE
SET AUTOCOMMIT FALSE
SET AUTOCOMMIT TRUE
SET AUTOCOMMIT FALSE
SET AUTOCOMMIT TRUE
SET AUTOCOMMIT FALSE
SET AUTOCOMMIT TRUE
SET AUTOCOMMIT FALSE
DELETE FROM PLATZ WHERE ID=34
DELETE FROM TRANSAKTION WHERE ID=20
COMMIT
SET AUTOCOMMIT TRUE
/*C53*/SET SCHEMA PUBLIC
CONNECT USER SA
DISCONNECT
/*C54*/SET SCHEMA PUBLIC
CONNECT USER SA
/*C4*/SET AUTOCOMMIT FALSE
/*C10*/SET AUTOCOMMIT FALSE
/*C4*/SET AUTOCOMMIT TRUE
/*C10*/SET AUTOCOMMIT TRUE
SET AUTOCOMMIT FALSE
SET AUTOCOMMIT TRUE
SET AUTOCOMMIT FALSE
SET AUTOCOMMIT TRUE
SET AUTOCOMMIT FALSE
INSERT INTO TRANSAKTION VALUES(21,0,'2011-01-08',23,0,5,NULL,NULL)
INSERT INTO PLATZ VALUES(35,0,7,1,1,NULL,1,21)
DELETE FROM AUFFUEHRUNG WHERE ID=1
INSERT INTO AUFFUEHRUNG VALUES(1,17,'2011-12-24 20:00:00.000000000','einmaliges Weihnachtskonzert',0,FALSE,1,1)
DELETE FROM REIHE WHERE ID=1
INSERT INTO REIHE VALUES(1,9,7,'Reihe 1',TRUE,1,1,1)
DELETE FROM TRANSAKTION WHERE ID=21
INSERT INTO TRANSAKTION VALUES(21,1,'2011-01-08',21,0,5,NULL,NULL)
COMMIT
SET AUTOCOMMIT TRUE
SET AUTOCOMMIT FALSE
SET AUTOCOMMIT TRUE
SET AUTOCOMMIT FALSE
SET AUTOCOMMIT TRUE
SET AUTOCOMMIT FALSE
SET AUTOCOMMIT TRUE
SET AUTOCOMMIT FALSE
SET AUTOCOMMIT TRUE
SET AUTOCOMMIT FALSE
/*C55*/SET SCHEMA PUBLIC
CONNECT USER SA
/*C10*/DELETE FROM PLATZ WHERE ID=35
/*C55*/DISCONNECT
/*C10*/DELETE FROM TRANSAKTION WHERE ID=21
/*C56*/SET SCHEMA PUBLIC
CONNECT USER SA
/*C10*/COMMIT
SET AUTOCOMMIT TRUE
SET AUTOCOMMIT FALSE
SET AUTOCOMMIT TRUE
SET AUTOCOMMIT FALSE
SET AUTOCOMMIT TRUE
SET AUTOCOMMIT FALSE
SET AUTOCOMMIT TRUE
SET AUTOCOMMIT FALSE
SET AUTOCOMMIT TRUE
SET AUTOCOMMIT FALSE
INSERT INTO TRANSAKTION VALUES(22,0,'2011-01-08',23,0,5,NULL,NULL)
INSERT INTO PLATZ VALUES(36,0,4,1,1,NULL,2,22)
DELETE FROM AUFFUEHRUNG WHERE ID=1
INSERT INTO AUFFUEHRUNG VALUES(1,18,'2011-12-24 20:00:00.000000000','einmaliges Weihnachtskonzert',0,FALSE,1,1)
DELETE FROM REIHE WHERE ID=2
INSERT INTO REIHE VALUES(2,5,10,'Reihe 2',TRUE,1,1,1)
DELETE FROM TRANSAKTION WHERE ID=22
INSERT INTO TRANSAKTION VALUES(22,1,'2011-01-08',22,0,5,NULL,NULL)
COMMIT
SET AUTOCOMMIT TRUE
SET AUTOCOMMIT FALSE
SET AUTOCOMMIT TRUE
SET AUTOCOMMIT FALSE
SET AUTOCOMMIT TRUE
SET AUTOCOMMIT FALSE
SET AUTOCOMMIT TRUE
SET AUTOCOMMIT FALSE
SET AUTOCOMMIT TRUE
SET AUTOCOMMIT FALSE
DELETE FROM PLATZ WHERE ID=36
DELETE FROM TRANSAKTION WHERE ID=22
COMMIT
SET AUTOCOMMIT TRUE
/*C57*/SET SCHEMA PUBLIC
CONNECT USER SA
DISCONNECT
/*C58*/SET SCHEMA PUBLIC
CONNECT USER SA
/*C10*/SET AUTOCOMMIT FALSE
/*C4*/SET AUTOCOMMIT FALSE
/*C10*/SET AUTOCOMMIT TRUE
/*C4*/SET AUTOCOMMIT TRUE
SET AUTOCOMMIT FALSE
SET AUTOCOMMIT TRUE
SET AUTOCOMMIT FALSE
SET AUTOCOMMIT TRUE
SET AUTOCOMMIT FALSE
INSERT INTO TRANSAKTION VALUES(23,0,'2011-01-08',23,0,5,NULL,NULL)
INSERT INTO PLATZ VALUES(37,0,5,1,1,NULL,2,23)
DELETE FROM AUFFUEHRUNG WHERE ID=1
INSERT INTO AUFFUEHRUNG VALUES(1,19,'2011-12-24 20:00:00.000000000','einmaliges Weihnachtskonzert',0,FALSE,1,1)
DELETE FROM REIHE WHERE ID=2
INSERT INTO REIHE VALUES(2,6,10,'Reihe 2',TRUE,1,1,1)
DELETE FROM TRANSAKTION WHERE ID=23
INSERT INTO TRANSAKTION VALUES(23,1,'2011-01-08',23,0,5,NULL,NULL)
COMMIT
SET AUTOCOMMIT TRUE
SET AUTOCOMMIT FALSE
SET AUTOCOMMIT TRUE
SET AUTOCOMMIT FALSE
SET AUTOCOMMIT TRUE
SET AUTOCOMMIT FALSE
SET AUTOCOMMIT TRUE
SET AUTOCOMMIT FALSE
SET AUTOCOMMIT TRUE
SET AUTOCOMMIT FALSE
DELETE FROM PLATZ WHERE ID=37
DELETE FROM TRANSAKTION WHERE ID=23
COMMIT
SET AUTOCOMMIT TRUE
/*C59*/SET SCHEMA PUBLIC
CONNECT USER SA
DISCONNECT
/*C60*/SET SCHEMA PUBLIC
CONNECT USER SA
/*C4*/SET AUTOCOMMIT FALSE
/*C10*/SET AUTOCOMMIT FALSE
/*C4*/SET AUTOCOMMIT TRUE
/*C10*/SET AUTOCOMMIT TRUE
SET AUTOCOMMIT FALSE
SET AUTOCOMMIT TRUE
SET AUTOCOMMIT FALSE
SET AUTOCOMMIT TRUE
SET AUTOCOMMIT FALSE
INSERT INTO TRANSAKTION VALUES(24,0,'2011-01-08',23,0,5,NULL,NULL)
INSERT INTO PLATZ VALUES(38,0,6,1,1,NULL,2,24)
DELETE FROM AUFFUEHRUNG WHERE ID=1
INSERT INTO AUFFUEHRUNG VALUES(1,20,'2011-12-24 20:00:00.000000000','einmaliges Weihnachtskonzert',0,FALSE,1,1)
DELETE FROM REIHE WHERE ID=2
INSERT INTO REIHE VALUES(2,7,10,'Reihe 2',TRUE,1,1,1)
DELETE FROM TRANSAKTION WHERE ID=24
INSERT INTO TRANSAKTION VALUES(24,1,'2011-01-08',24,0,5,NULL,NULL)
COMMIT
SET AUTOCOMMIT TRUE
SET AUTOCOMMIT FALSE
SET AUTOCOMMIT TRUE
SET AUTOCOMMIT FALSE
SET AUTOCOMMIT TRUE
SET AUTOCOMMIT FALSE
SET AUTOCOMMIT TRUE
SET AUTOCOMMIT FALSE
SET AUTOCOMMIT TRUE
SET AUTOCOMMIT FALSE
DELETE FROM PLATZ WHERE ID=38
DELETE FROM TRANSAKTION WHERE ID=24
COMMIT
SET AUTOCOMMIT TRUE
/*C61*/SET SCHEMA PUBLIC
CONNECT USER SA
DISCONNECT
/*C62*/SET SCHEMA PUBLIC
CONNECT USER SA
/*C10*/SET AUTOCOMMIT FALSE
/*C4*/SET AUTOCOMMIT FALSE
/*C10*/SET AUTOCOMMIT TRUE
/*C4*/SET AUTOCOMMIT TRUE
SET AUTOCOMMIT FALSE
SET AUTOCOMMIT TRUE
SET AUTOCOMMIT FALSE
SET AUTOCOMMIT TRUE
SET AUTOCOMMIT FALSE
INSERT INTO TRANSAKTION VALUES(25,0,'2011-01-08',23,0,5,NULL,NULL)
INSERT INTO PLATZ VALUES(39,0,7,1,1,NULL,2,25)
DELETE FROM AUFFUEHRUNG WHERE ID=1
INSERT INTO AUFFUEHRUNG VALUES(1,21,'2011-12-24 20:00:00.000000000','einmaliges Weihnachtskonzert',0,FALSE,1,1)
DELETE FROM REIHE WHERE ID=2
INSERT INTO REIHE VALUES(2,8,10,'Reihe 2',TRUE,1,1,1)
DELETE FROM TRANSAKTION WHERE ID=25
INSERT INTO TRANSAKTION VALUES(25,1,'2011-01-08',25,0,5,NULL,NULL)
COMMIT
SET AUTOCOMMIT TRUE
SET AUTOCOMMIT FALSE
SET AUTOCOMMIT TRUE
SET AUTOCOMMIT FALSE
SET AUTOCOMMIT TRUE
SET AUTOCOMMIT FALSE
SET AUTOCOMMIT TRUE
SET AUTOCOMMIT FALSE
SET AUTOCOMMIT TRUE
SET AUTOCOMMIT FALSE
DELETE FROM PLATZ WHERE ID=39
DELETE FROM TRANSAKTION WHERE ID=25
COMMIT
SET AUTOCOMMIT TRUE
/*C63*/SET SCHEMA PUBLIC
CONNECT USER SA
DISCONNECT
/*C64*/SET SCHEMA PUBLIC
CONNECT USER SA
/*C10*/SET AUTOCOMMIT FALSE
/*C4*/SET AUTOCOMMIT FALSE
SET AUTOCOMMIT TRUE
/*C10*/SET AUTOCOMMIT TRUE
SET AUTOCOMMIT FALSE
SET AUTOCOMMIT TRUE
SET AUTOCOMMIT FALSE
SET AUTOCOMMIT TRUE
SET AUTOCOMMIT FALSE
INSERT INTO TRANSAKTION VALUES(26,0,'2011-01-08',23,0,5,NULL,NULL)
INSERT INTO PLATZ VALUES(40,0,1,1,1,NULL,3,26)
DELETE FROM AUFFUEHRUNG WHERE ID=1
INSERT INTO AUFFUEHRUNG VALUES(1,22,'2011-12-24 20:00:00.000000000','einmaliges Weihnachtskonzert',0,FALSE,1,1)
DELETE FROM REIHE WHERE ID=3
INSERT INTO REIHE VALUES(3,5,12,'Reihe 3',TRUE,1,2,1)
DELETE FROM TRANSAKTION WHERE ID=26
INSERT INTO TRANSAKTION VALUES(26,1,'2011-01-08',26,0,5,NULL,NULL)
COMMIT
SET AUTOCOMMIT TRUE
SET AUTOCOMMIT FALSE
SET AUTOCOMMIT TRUE
SET AUTOCOMMIT FALSE
SET AUTOCOMMIT TRUE
SET AUTOCOMMIT FALSE
SET AUTOCOMMIT TRUE
SET AUTOCOMMIT FALSE
SET AUTOCOMMIT TRUE
SET AUTOCOMMIT FALSE
DELETE FROM PLATZ WHERE ID=40
DELETE FROM TRANSAKTION WHERE ID=26
COMMIT
SET AUTOCOMMIT TRUE
/*C65*/SET SCHEMA PUBLIC
CONNECT USER SA
DISCONNECT
/*C66*/SET SCHEMA PUBLIC
CONNECT USER SA
/*C10*/SET AUTOCOMMIT FALSE
SET AUTOCOMMIT TRUE
SET AUTOCOMMIT FALSE
SET AUTOCOMMIT TRUE
SET AUTOCOMMIT FALSE
SET AUTOCOMMIT TRUE
SET AUTOCOMMIT FALSE
SET AUTOCOMMIT TRUE
SET AUTOCOMMIT FALSE
INSERT INTO TRANSAKTION VALUES(27,0,'2011-01-08',23,0,5,NULL,NULL)
INSERT INTO PLATZ VALUES(41,0,2,1,1,NULL,3,27)
DELETE FROM AUFFUEHRUNG WHERE ID=1
INSERT INTO AUFFUEHRUNG VALUES(1,23,'2011-12-24 20:00:00.000000000','einmaliges Weihnachtskonzert',0,FALSE,1,1)
DELETE FROM REIHE WHERE ID=3
INSERT INTO REIHE VALUES(3,6,12,'Reihe 3',TRUE,1,2,1)
DELETE FROM TRANSAKTION WHERE ID=27
INSERT INTO TRANSAKTION VALUES(27,1,'2011-01-08',27,0,5,NULL,NULL)
COMMIT
SET AUTOCOMMIT TRUE
SET AUTOCOMMIT FALSE
SET AUTOCOMMIT TRUE
SET AUTOCOMMIT FALSE
SET AUTOCOMMIT TRUE
SET AUTOCOMMIT FALSE
SET AUTOCOMMIT TRUE
SET AUTOCOMMIT FALSE
SET AUTOCOMMIT TRUE
SET AUTOCOMMIT FALSE
DELETE FROM PLATZ WHERE ID=41
DELETE FROM TRANSAKTION WHERE ID=27
COMMIT
SET AUTOCOMMIT TRUE
/*C67*/SET SCHEMA PUBLIC
CONNECT USER SA
DISCONNECT
/*C68*/SET SCHEMA PUBLIC
CONNECT USER SA
/*C10*/SET AUTOCOMMIT FALSE
SET AUTOCOMMIT TRUE
SET AUTOCOMMIT FALSE
SET AUTOCOMMIT TRUE
SET AUTOCOMMIT FALSE
SET AUTOCOMMIT TRUE
SET AUTOCOMMIT FALSE
SET AUTOCOMMIT TRUE
SET AUTOCOMMIT FALSE
INSERT INTO TRANSAKTION VALUES(28,0,'2011-01-08',23,0,5,NULL,NULL)
INSERT INTO PLATZ VALUES(42,0,3,1,1,NULL,3,28)
DELETE FROM AUFFUEHRUNG WHERE ID=1
INSERT INTO AUFFUEHRUNG VALUES(1,24,'2011-12-24 20:00:00.000000000','einmaliges Weihnachtskonzert',0,FALSE,1,1)
DELETE FROM REIHE WHERE ID=3
INSERT INTO REIHE VALUES(3,7,12,'Reihe 3',TRUE,1,2,1)
DELETE FROM TRANSAKTION WHERE ID=28
INSERT INTO TRANSAKTION VALUES(28,1,'2011-01-08',28,0,5,NULL,NULL)
COMMIT
SET AUTOCOMMIT TRUE
SET AUTOCOMMIT FALSE
SET AUTOCOMMIT TRUE
SET AUTOCOMMIT FALSE
SET AUTOCOMMIT TRUE
SET AUTOCOMMIT FALSE
SET AUTOCOMMIT TRUE
SET AUTOCOMMIT FALSE
SET AUTOCOMMIT TRUE
SET AUTOCOMMIT FALSE
/*C69*/SET SCHEMA PUBLIC
CONNECT USER SA
/*C10*/DELETE FROM PLATZ WHERE ID=42
DELETE FROM TRANSAKTION WHERE ID=28
COMMIT
SET AUTOCOMMIT TRUE
/*C69*/DISCONNECT
/*C70*/SET SCHEMA PUBLIC
CONNECT USER SA
/*C10*/SET AUTOCOMMIT FALSE
/*C4*/SET AUTOCOMMIT FALSE
/*C10*/SET AUTOCOMMIT TRUE
/*C4*/SET AUTOCOMMIT TRUE
SET AUTOCOMMIT FALSE
SET AUTOCOMMIT TRUE
/*C70*/DISCONNECT
/*C68*/DISCONNECT
/*C64*/DISCONNECT
/*C62*/DISCONNECT
/*C66*/DISCONNECT
/*C60*/DISCONNECT
/*C58*/DISCONNECT
/*C56*/DISCONNECT
/*C54*/DISCONNECT
/*C52*/DISCONNECT
/*C50*/DISCONNECT
/*C48*/DISCONNECT
/*C46*/DISCONNECT
/*C44*/DISCONNECT
/*C4*/SET AUTOCOMMIT FALSE
SET AUTOCOMMIT TRUE
SET AUTOCOMMIT FALSE
INSERT INTO TRANSAKTION VALUES(29,0,'2011-01-08',23,0,5,NULL,NULL)
INSERT INTO PLATZ VALUES(43,0,5,1,1,NULL,3,29)
INSERT INTO PLATZ VALUES(44,0,6,1,1,NULL,3,29)
INSERT INTO PLATZ VALUES(45,0,7,1,1,NULL,3,29)
DELETE FROM AUFFUEHRUNG WHERE ID=1
INSERT INTO AUFFUEHRUNG VALUES(1,25,'2011-12-24 20:00:00.000000000','einmaliges Weihnachtskonzert',0,FALSE,1,1)
DELETE FROM REIHE WHERE ID=3
INSERT INTO REIHE VALUES(3,8,12,'Reihe 3',TRUE,1,2,1)
DELETE FROM TRANSAKTION WHERE ID=29
INSERT INTO TRANSAKTION VALUES(29,1,'2011-01-08',29,0,5,NULL,NULL)
COMMIT
SET AUTOCOMMIT TRUE
SET AUTOCOMMIT FALSE
SET AUTOCOMMIT TRUE
SET AUTOCOMMIT FALSE
SET AUTOCOMMIT TRUE
SET AUTOCOMMIT FALSE
SET AUTOCOMMIT TRUE
SET AUTOCOMMIT FALSE
SET AUTOCOMMIT TRUE
SET AUTOCOMMIT FALSE
DELETE FROM PLATZ WHERE ID=45
DELETE FROM PLATZ WHERE ID=44
DELETE FROM PLATZ WHERE ID=43
DELETE FROM TRANSAKTION WHERE ID=29
COMMIT
SET AUTOCOMMIT TRUE
